<?xml version="1.0" encoding="utf-8"?><testsuites><testsuite name="pytest" errors="0" failures="0" skipped="0" tests="5" time="0.022" timestamp="2024-12-20T21:22:57.372075+07:00" hostname="MSI-KATANA-17"><testcase classname="labs11test" name="test_multiply" time="0.000" /><testcase classname="labs11test" name="test_divide" time="0.000" /><testcase classname="labs11test" name="test_distance" time="0.000" /><testcase classname="labs11test" name="test_solve_quadratic" time="0.000" /><testcase classname="labs11test" name="test_geometric_sum" time="0.000" /></testsuite></testsuites>